0 info it worked if it ends with ok
1 verbose cli [
1 verbose cli   'C:\\Program Files\\nodejs\\node.exe',
1 verbose cli   'C:\\Users\\MaxFung\\AppData\\Roaming\\npm\\node_modules\\cnpm\\node_modules\\npm\\bin\\npm-cli.js',
1 verbose cli   '--userconfig=C:\\Users\\MaxFung\\.cnpmrc',
1 verbose cli   '--disturl=https://npm.taobao.org/mirrors/node',
1 verbose cli   '--registry=https://registry.npm.taobao.org',
1 verbose cli   'run',
1 verbose cli   'dev'
1 verbose cli ]
2 info using npm@3.10.10
3 info using node@v12.9.1
4 verbose run-script [ 'predev', 'dev', 'postdev' ]
5 info lifecycle webpack-test@1.0.0~predev: webpack-test@1.0.0
6 silly lifecycle webpack-test@1.0.0~predev: no script for predev, continuing
7 info lifecycle webpack-test@1.0.0~dev: webpack-test@1.0.0
8 verbose lifecycle webpack-test@1.0.0~dev: unsafe-perm in lifecycle true
9 verbose lifecycle webpack-test@1.0.0~dev: PATH: C:\Users\MaxFung\AppData\Roaming\npm\node_modules\cnpm\node_modules\npm\bin\node-gyp-bin;F:\webpack\webpack-test\node_modules\.bin;C:\Program Files (x86)\Common Files\Oracle\Java\javapath;C:\Program Files (x86)\Intel\iCLS Client\;C:\ProgramData\Oracle\Java\javapath;C:\Program Files\Intel\iCLS Client\;C:\windows\system32;C:\windows;C:\windows\System32\Wbem;C:\windows\System32\WindowsPowerShell\v1.0\;C:\Program Files (x86)\NVIDIA Corporation\PhysX\Common;C:\Program Files\Java\jdk1.8.0_121\bin;C:\Program Files\Java\jdk1.8.0_121\jre\bin;C:\WINDOWS\system32;C:\WINDOWS;C:\WINDOWS\System32\Wbem;C:\WINDOWS\System32\WindowsPowerShell\v1.0\;C:\Program Files (x86)\Intel\Intel(R) Management Engine Components\DAL;C:\Program Files\Intel\Intel(R) Management Engine Components\DAL;C:\Program Files (x86)\Intel\Intel(R) Management Engine Components\IPT;C:\Program Files\Intel\Intel(R) Management Engine Components\IPT;D:\Git\cmd;C:\WINDOWS\System32\OpenSSH\;C:\Program Files\Intel\WiFi\bin\;C:\Program Files\Common Files\Intel\WirelessCommon\;C:\Program Files\nodejs\;C:\Users\MaxFung\AppData\Local\Microsoft\WindowsApps;C:\Users\MaxFung\AppData\Roaming\npm;D:\Microsoft VS Code\bin
10 verbose lifecycle webpack-test@1.0.0~dev: CWD: F:\webpack\webpack-test
11 silly lifecycle webpack-test@1.0.0~dev: Args: [
11 silly lifecycle   '/d /s /c',
11 silly lifecycle   'cross-env NODE_ENV=development webpack-dev-server --inline'
11 silly lifecycle ]
12 silly lifecycle webpack-test@1.0.0~dev: Returned: code: 3221225786  signal: null
13 info lifecycle webpack-test@1.0.0~dev: Failed to exec dev script
14 verbose stack Error: webpack-test@1.0.0 dev: `cross-env NODE_ENV=development webpack-dev-server --inline`
14 verbose stack Exit status 3221225786
14 verbose stack     at EventEmitter.<anonymous> (C:\Users\MaxFung\AppData\Roaming\npm\node_modules\cnpm\node_modules\npm\lib\utils\lifecycle.js:255:16)
14 verbose stack     at EventEmitter.emit (events.js:209:13)
14 verbose stack     at ChildProcess.<anonymous> (C:\Users\MaxFung\AppData\Roaming\npm\node_modules\cnpm\node_modules\npm\lib\utils\spawn.js:40:14)
14 verbose stack     at ChildProcess.emit (events.js:209:13)
14 verbose stack     at maybeClose (internal/child_process.js:1021:16)
14 verbose stack     at Process.ChildProcess._handle.onexit (internal/child_process.js:283:5)
15 verbose pkgid webpack-test@1.0.0
16 verbose cwd F:\webpack\webpack-test
17 error Windows_NT 10.0.18362
18 error argv "C:\\Program Files\\nodejs\\node.exe" "C:\\Users\\MaxFung\\AppData\\Roaming\\npm\\node_modules\\cnpm\\node_modules\\npm\\bin\\npm-cli.js" "--userconfig=C:\\Users\\MaxFung\\.cnpmrc" "--disturl=https://npm.taobao.org/mirrors/node" "--registry=https://registry.npm.taobao.org" "run" "dev"
19 error node v12.9.1
20 error npm  v3.10.10
21 error code ELIFECYCLE
22 error webpack-test@1.0.0 dev: `cross-env NODE_ENV=development webpack-dev-server --inline`
22 error Exit status 3221225786
23 error Failed at the webpack-test@1.0.0 dev script 'cross-env NODE_ENV=development webpack-dev-server --inline'.
23 error Make sure you have the latest version of node.js and npm installed.
23 error If you do, this is most likely a problem with the webpack-test package,
23 error not with npm itself.
23 error Tell the author that this fails on your system:
23 error     cross-env NODE_ENV=development webpack-dev-server --inline
23 error You can get information on how to open an issue for this project with:
23 error     npm bugs webpack-test
23 error Or if that isn't available, you can get their info via:
23 error     npm owner ls webpack-test
23 error There is likely additional logging output above.
24 verbose exit [ 1, true ]
